<?xml version="1.0" encoding="UTF-8"?>
<testng-results ignored="0" total="0" passed="0" failed="0" skipped="0">
  <reporter-output>
  </reporter-output>
  <suite started-at="2023-08-12T17:23:35 IDT" name="Surefire suite" finished-at="2023-08-12T17:23:35 IDT" duration-ms="98">
    <groups>
    </groups>
    <test started-at="2023-08-12T17:23:35 IDT" name="Surefire test" finished-at="2023-08-12T17:23:35 IDT" duration-ms="98">
    </test> <!-- Surefire test -->
  </suite> <!-- Surefire suite -->
</testng-results>
